Analysis & Synthesis report for A7
Thu Sep 18 13:55:03 2025
Quartus Prime Version 23.1std.1 Build 993 05/14/2024 SC Lite Edition


---------------------
; Table of Contents ;
---------------------
  1. Legal Notice
  2. Analysis & Synthesis Summary
  3. Analysis & Synthesis Settings
  4. Parallel Compilation
  5. Analysis & Synthesis Source Files Read
  6. Analysis & Synthesis Resource Usage Summary
  7. Analysis & Synthesis Resource Utilization by Entity
  8. Registers Removed During Synthesis
  9. Removed Registers Triggering Further Register Optimizations
 10. General Register Statistics
 11. Multiplexer Restructuring Statistics (Restructuring Performed)
 12. Parameter Settings for User Entity Instance: Top-level Entity: |A7
 13. Parameter Settings for User Entity Instance: CPU:CPU
 14. Parameter Settings for User Entity Instance: CPU:CPU|muxGenerico2x1:MUX_B_ULA
 15. Parameter Settings for User Entity Instance: CPU:CPU|registradorGenerico:REGA
 16. Parameter Settings for User Entity Instance: CPU:CPU|registradorGenerico:PC
 17. Parameter Settings for User Entity Instance: CPU:CPU|somaConstante:incrementaPC
 18. Parameter Settings for User Entity Instance: CPU:CPU|muxGenerico4x1:MUX_PC
 19. Parameter Settings for User Entity Instance: CPU:CPU|registradorGenerico:EndRetorno
 20. Parameter Settings for User Entity Instance: CPU:CPU|ULASomaSub:ULA1
 21. Parameter Settings for User Entity Instance: CPU:CPU|flipflop:FlagIgual
 22. Parameter Settings for User Entity Instance: memoriaROM:ROM
 23. Parameter Settings for User Entity Instance: memoriaRAM:RAM
 24. Parameter Settings for User Entity Instance: registradorGenerico:RegLed0
 25. Parameter Settings for User Entity Instance: flipflop:FlipFlopLed1
 26. Parameter Settings for User Entity Instance: flipflop:FlipFlopLed2
 27. Port Connectivity Checks: "flipflop:FlipFlopLed2"
 28. Port Connectivity Checks: "flipflop:FlipFlopLed1"
 29. Port Connectivity Checks: "registradorGenerico:RegLed0"
 30. Port Connectivity Checks: "decoder3x8:Dec2"
 31. Port Connectivity Checks: "decoder3x8:Dec1"
 32. Port Connectivity Checks: "CPU:CPU|flipflop:FlagIgual"
 33. Port Connectivity Checks: "CPU:CPU|registradorGenerico:EndRetorno"
 34. Port Connectivity Checks: "CPU:CPU|registradorGenerico:PC"
 35. Port Connectivity Checks: "CPU:CPU|registradorGenerico:REGA"
 36. Port Connectivity Checks: "CPU:CPU"
 37. Post-Synthesis Netlist Statistics for Top Partition
 38. Elapsed Time Per Partition
 39. Analysis & Synthesis Messages



----------------
; Legal Notice ;
----------------
Copyright (C) 2024  Intel Corporation. All rights reserved.
Your use of Intel Corporation's design tools, logic functions 
and other software and tools, and any partner logic 
functions, and any output files from any of the foregoing 
(including device programming or simulation files), and any 
associated documentation or information are expressly subject 
to the terms and conditions of the Intel Program License 
Subscription Agreement, the Intel Quartus Prime License Agreement,
the Intel FPGA IP License Agreement, or other applicable license
agreement, including, without limitation, that your use is for
the sole purpose of programming logic devices manufactured by
Intel and sold by Intel or its authorized distributors.  Please
refer to the applicable agreement for further details, at
https://fpgasoftware.intel.com/eula.



+----------------------------------------------------------------------------------+
; Analysis & Synthesis Summary                                                     ;
+---------------------------------+------------------------------------------------+
; Analysis & Synthesis Status     ; Successful - Thu Sep 18 13:55:03 2025          ;
; Quartus Prime Version           ; 23.1std.1 Build 993 05/14/2024 SC Lite Edition ;
; Revision Name                   ; A7                                             ;
; Top-level Entity Name           ; A7                                             ;
; Family                          ; Cyclone V                                      ;
; Logic utilization (in ALMs)     ; N/A                                            ;
; Total registers                 ; 0                                              ;
; Total pins                      ; 15                                             ;
; Total virtual pins              ; 0                                              ;
; Total block memory bits         ; 0                                              ;
; Total DSP Blocks                ; 0                                              ;
; Total HSSI RX PCSs              ; 0                                              ;
; Total HSSI PMA RX Deserializers ; 0                                              ;
; Total HSSI TX PCSs              ; 0                                              ;
; Total HSSI PMA TX Serializers   ; 0                                              ;
; Total PLLs                      ; 0                                              ;
; Total DLLs                      ; 0                                              ;
+---------------------------------+------------------------------------------------+


+---------------------------------------------------------------------------------------------------------------------------+
; Analysis & Synthesis Settings                                                                                             ;
+---------------------------------------------------------------------------------+--------------------+--------------------+
; Option                                                                          ; Setting            ; Default Value      ;
+---------------------------------------------------------------------------------+--------------------+--------------------+
; Device                                                                          ; 5CEBA4F23C7        ;                    ;
; Top-level entity name                                                           ; A7                 ; A7                 ;
; Family name                                                                     ; Cyclone V          ; Cyclone V          ;
; VHDL Show LMF Mapping Messages                                                  ; Off                ;                    ;
; VHDL Version                                                                    ; VHDL_2008          ; VHDL_1993          ;
; Use smart compilation                                                           ; Off                ; Off                ;
; Enable parallel Assembler and Timing Analyzer during compilation                ; On                 ; On                 ;
; Enable compact report table                                                     ; Off                ; Off                ;
; Restructure Multiplexers                                                        ; Auto               ; Auto               ;
; MLAB Add Timing Constraints For Mixed-Port Feed-Through Mode Setting Don't Care ; Off                ; Off                ;
; Create Debugging Nodes for IP Cores                                             ; Off                ; Off                ;
; Preserve fewer node names                                                       ; On                 ; On                 ;
; Intel FPGA IP Evaluation Mode                                                   ; Enable             ; Enable             ;
; Verilog Version                                                                 ; Verilog_2001       ; Verilog_2001       ;
; State Machine Processing                                                        ; Auto               ; Auto               ;
; Safe State Machine                                                              ; Off                ; Off                ;
; Extract Verilog State Machines                                                  ; On                 ; On                 ;
; Extract VHDL State Machines                                                     ; On                 ; On                 ;
; Ignore Verilog initial constructs                                               ; Off                ; Off                ;
; Iteration limit for constant Verilog loops                                      ; 5000               ; 5000               ;
; Iteration limit for non-constant Verilog loops                                  ; 250                ; 250                ;
; Add Pass-Through Logic to Inferred RAMs                                         ; On                 ; On                 ;
; Infer RAMs from Raw Logic                                                       ; On                 ; On                 ;
; Parallel Synthesis                                                              ; On                 ; On                 ;
; DSP Block Balancing                                                             ; Auto               ; Auto               ;
; NOT Gate Push-Back                                                              ; On                 ; On                 ;
; Power-Up Don't Care                                                             ; On                 ; On                 ;
; Remove Redundant Logic Cells                                                    ; Off                ; Off                ;
; Remove Duplicate Registers                                                      ; On                 ; On                 ;
; Ignore CARRY Buffers                                                            ; Off                ; Off                ;
; Ignore CASCADE Buffers                                                          ; Off                ; Off                ;
; Ignore GLOBAL Buffers                                                           ; Off                ; Off                ;
; Ignore ROW GLOBAL Buffers                                                       ; Off                ; Off                ;
; Ignore LCELL Buffers                                                            ; Off                ; Off                ;
; Ignore SOFT Buffers                                                             ; On                 ; On                 ;
; Limit AHDL Integers to 32 Bits                                                  ; Off                ; Off                ;
; Optimization Technique                                                          ; Balanced           ; Balanced           ;
; Carry Chain Length                                                              ; 70                 ; 70                 ;
; Auto Carry Chains                                                               ; On                 ; On                 ;
; Auto Open-Drain Pins                                                            ; On                 ; On                 ;
; Perform WYSIWYG Primitive Resynthesis                                           ; Off                ; Off                ;
; Auto ROM Replacement                                                            ; On                 ; On                 ;
; Auto RAM Replacement                                                            ; On                 ; On                 ;
; Auto DSP Block Replacement                                                      ; On                 ; On                 ;
; Auto Shift Register Replacement                                                 ; Auto               ; Auto               ;
; Allow Shift Register Merging across Hierarchies                                 ; Auto               ; Auto               ;
; Auto Clock Enable Replacement                                                   ; On                 ; On                 ;
; Strict RAM Replacement                                                          ; Off                ; Off                ;
; Allow Synchronous Control Signals                                               ; On                 ; On                 ;
; Force Use of Synchronous Clear Signals                                          ; Off                ; Off                ;
; Auto Resource Sharing                                                           ; Off                ; Off                ;
; Allow Any RAM Size For Recognition                                              ; Off                ; Off                ;
; Allow Any ROM Size For Recognition                                              ; Off                ; Off                ;
; Allow Any Shift Register Size For Recognition                                   ; Off                ; Off                ;
; Use LogicLock Constraints during Resource Balancing                             ; On                 ; On                 ;
; Ignore translate_off and synthesis_off directives                               ; Off                ; Off                ;
; Timing-Driven Synthesis                                                         ; On                 ; On                 ;
; Report Parameter Settings                                                       ; On                 ; On                 ;
; Report Source Assignments                                                       ; On                 ; On                 ;
; Report Connectivity Checks                                                      ; On                 ; On                 ;
; Ignore Maximum Fan-Out Assignments                                              ; Off                ; Off                ;
; Synchronization Register Chain Length                                           ; 3                  ; 3                  ;
; Power Optimization During Synthesis                                             ; Normal compilation ; Normal compilation ;
; HDL message level                                                               ; Level2             ; Level2             ;
; Suppress Register Optimization Related Messages                                 ; Off                ; Off                ;
; Number of Removed Registers Reported in Synthesis Report                        ; 5000               ; 5000               ;
; Number of Swept Nodes Reported in Synthesis Report                              ; 5000               ; 5000               ;
; Number of Inverted Registers Reported in Synthesis Report                       ; 100                ; 100                ;
; Clock MUX Protection                                                            ; On                 ; On                 ;
; Auto Gated Clock Conversion                                                     ; Off                ; Off                ;
; Block Design Naming                                                             ; Auto               ; Auto               ;
; SDC constraint protection                                                       ; Off                ; Off                ;
; Synthesis Effort                                                                ; Auto               ; Auto               ;
; Shift Register Replacement - Allow Asynchronous Clear Signal                    ; On                 ; On                 ;
; Pre-Mapping Resynthesis Optimization                                            ; Off                ; Off                ;
; Analysis & Synthesis Message Level                                              ; Medium             ; Medium             ;
; Disable Register Merging Across Hierarchies                                     ; Auto               ; Auto               ;
; Resource Aware Inference For Block RAM                                          ; On                 ; On                 ;
; Automatic Parallel Synthesis                                                    ; On                 ; On                 ;
; Partial Reconfiguration Bitstream ID                                            ; Off                ; Off                ;
+---------------------------------------------------------------------------------+--------------------+--------------------+


+------------------------------------------+
; Parallel Compilation                     ;
+----------------------------+-------------+
; Processors                 ; Number      ;
+----------------------------+-------------+
; Number detected on machine ; 4           ;
; Maximum allowed            ; 2           ;
;                            ;             ;
; Average used               ; 1.00        ;
; Maximum used               ; 1           ;
;                            ;             ;
; Usage by Processor         ; % Time Used ;
;     Processor 1            ; 100.0%      ;
+----------------------------+-------------+


+------------------------------------------------------------------------------------------------------------------------------------+
; Analysis & Synthesis Source Files Read                                                                                             ;
+----------------------------------+-----------------+-----------------+---------------------------------------------------+---------+
; File Name with User-Entered Path ; Used in Netlist ; File Type       ; File Name with Absolute Path                      ; Library ;
+----------------------------------+-----------------+-----------------+---------------------------------------------------+---------+
; decoder3x8.vhd                   ; yes             ; User VHDL File  ; /home/mahoraga/Descomp/A7/decoder3x8.vhd          ;         ;
; CPU.vhd                          ; yes             ; User VHDL File  ; /home/mahoraga/Descomp/A7/CPU.vhd                 ;         ;
; A7.vhd                           ; yes             ; User VHDL File  ; /home/mahoraga/Descomp/A7/A7.vhd                  ;         ;
; ULASomaSub.vhd                   ; yes             ; User VHDL File  ; /home/mahoraga/Descomp/A7/ULASomaSub.vhd          ;         ;
; logicaDesvio.vhd                 ; yes             ; User VHDL File  ; /home/mahoraga/Descomp/A7/logicaDesvio.vhd        ;         ;
; flipflop.vhd                     ; yes             ; User VHDL File  ; /home/mahoraga/Descomp/A7/flipflop.vhd            ;         ;
; muxGenerico4x1.vhd               ; yes             ; User VHDL File  ; /home/mahoraga/Descomp/A7/muxGenerico4x1.vhd      ;         ;
; memoriaRAM.vhd                   ; yes             ; User VHDL File  ; /home/mahoraga/Descomp/A7/memoriaRAM.vhd          ;         ;
; memoriaROM.vhd                   ; yes             ; User VHDL File  ; /home/mahoraga/Descomp/A7/memoriaROM.vhd          ;         ;
; muxGenerico2x1.vhd               ; yes             ; User VHDL File  ; /home/mahoraga/Descomp/A7/muxGenerico2x1.vhd      ;         ;
; somaConstante.vhd                ; yes             ; User VHDL File  ; /home/mahoraga/Descomp/A7/somaConstante.vhd       ;         ;
; decoderInstru.vhd                ; yes             ; User VHDL File  ; /home/mahoraga/Descomp/A7/decoderInstru.vhd       ;         ;
; registradorGenerico.vhd          ; yes             ; User VHDL File  ; /home/mahoraga/Descomp/A7/registradorGenerico.vhd ;         ;
+----------------------------------+-----------------+-----------------+---------------------------------------------------+---------+


+--------------------------------------------------------+
; Analysis & Synthesis Resource Usage Summary            ;
+---------------------------------------------+----------+
; Resource                                    ; Usage    ;
+---------------------------------------------+----------+
; Estimate of Logic utilization (ALMs needed) ; 0        ;
;                                             ;          ;
; Combinational ALUT usage for logic          ; 0        ;
;     -- 7 input functions                    ; 0        ;
;     -- 6 input functions                    ; 0        ;
;     -- 5 input functions                    ; 0        ;
;     -- 4 input functions                    ; 0        ;
;     -- <=3 input functions                  ; 0        ;
;                                             ;          ;
; Dedicated logic registers                   ; 0        ;
;                                             ;          ;
; I/O pins                                    ; 15       ;
;                                             ;          ;
; Total DSP Blocks                            ; 0        ;
;                                             ;          ;
; Maximum fan-out node                        ; CLOCK_50 ;
; Maximum fan-out                             ; 1        ;
; Total fan-out                               ; 15       ;
; Average fan-out                             ; 0.50     ;
+---------------------------------------------+----------+


+----------------------------------------------------------------------------------------------------------------------------------------------------------------------------------------+
; Analysis & Synthesis Resource Utilization by Entity                                                                                                                                    ;
+----------------------------+---------------------+---------------------------+-------------------+------------+------+--------------+---------------------+-------------+--------------+
; Compilation Hierarchy Node ; Combinational ALUTs ; Dedicated Logic Registers ; Block Memory Bits ; DSP Blocks ; Pins ; Virtual Pins ; Full Hierarchy Name ; Entity Name ; Library Name ;
+----------------------------+---------------------+---------------------------+-------------------+------------+------+--------------+---------------------+-------------+--------------+
; |A7                        ; 0 (0)               ; 0 (0)                     ; 0                 ; 0          ; 15   ; 0            ; |A7                 ; A7          ; work         ;
+----------------------------+---------------------+---------------------------+-------------------+------------+------+--------------+---------------------+-------------+--------------+
Note: For table entries with two numbers listed, the numbers in parentheses indicate the number of resources of the given type used by the specific entity alone. The numbers listed outside of parentheses indicate the total resources of the given type used by the specific entity and all of its sub-entities in the hierarchy.


+-------------------------------------------------------------------------------------------------+
; Registers Removed During Synthesis                                                              ;
+---------------------------------------------------+---------------------------------------------+
; Register name                                     ; Reason for Removal                          ;
+---------------------------------------------------+---------------------------------------------+
; CPU:CPU|registradorGenerico:EndRetorno|DOUT[0..8] ; Stuck at GND due to stuck port clock_enable ;
; CPU:CPU|registradorGenerico:REGA|DOUT[0]          ; Stuck at GND due to stuck port clock        ;
; CPU:CPU|registradorGenerico:PC|DOUT[0..8]         ; Stuck at GND due to stuck port clock        ;
; CPU:CPU|flipflop:FlagIgual|DOUT                   ; Lost fanout                                 ;
; CPU:CPU|registradorGenerico:REGA|DOUT[1..7]       ; Stuck at GND due to stuck port clock        ;
; registradorGenerico:RegLed0|DOUT[0..7]            ; Stuck at GND due to stuck port clock_enable ;
; flipflop:FlipFlopLed1|DOUT                        ; Stuck at GND due to stuck port clock_enable ;
; flipflop:FlipFlopLed2|DOUT                        ; Stuck at GND due to stuck port clock_enable ;
; Total Number of Removed Registers = 37            ;                                             ;
+---------------------------------------------------+---------------------------------------------+


+------------------------------------------------------------------------------------------------------------------------------------------------------------------+
; Removed Registers Triggering Further Register Optimizations                                                                                                      ;
+------------------------------------------------+--------------------------------+--------------------------------------------------------------------------------+
; Register name                                  ; Reason for Removal             ; Registers Removed due to This Register                                         ;
+------------------------------------------------+--------------------------------+--------------------------------------------------------------------------------+
; CPU:CPU|registradorGenerico:EndRetorno|DOUT[0] ; Stuck at GND                   ; CPU:CPU|registradorGenerico:PC|DOUT[0], CPU:CPU|flipflop:FlagIgual|DOUT,       ;
;                                                ; due to stuck port clock_enable ; CPU:CPU|registradorGenerico:REGA|DOUT[1], registradorGenerico:RegLed0|DOUT[1], ;
;                                                ;                                ; registradorGenerico:RegLed0|DOUT[2], registradorGenerico:RegLed0|DOUT[3],      ;
;                                                ;                                ; registradorGenerico:RegLed0|DOUT[4], registradorGenerico:RegLed0|DOUT[5],      ;
;                                                ;                                ; registradorGenerico:RegLed0|DOUT[6], registradorGenerico:RegLed0|DOUT[7]       ;
; CPU:CPU|registradorGenerico:REGA|DOUT[0]       ; Stuck at GND                   ; registradorGenerico:RegLed0|DOUT[0], flipflop:FlipFlopLed1|DOUT,               ;
;                                                ; due to stuck port clock        ; flipflop:FlipFlopLed2|DOUT                                                     ;
; CPU:CPU|registradorGenerico:EndRetorno|DOUT[1] ; Stuck at GND                   ; CPU:CPU|registradorGenerico:PC|DOUT[1]                                         ;
;                                                ; due to stuck port clock_enable ;                                                                                ;
; CPU:CPU|registradorGenerico:EndRetorno|DOUT[2] ; Stuck at GND                   ; CPU:CPU|registradorGenerico:PC|DOUT[2]                                         ;
;                                                ; due to stuck port clock_enable ;                                                                                ;
; CPU:CPU|registradorGenerico:EndRetorno|DOUT[3] ; Stuck at GND                   ; CPU:CPU|registradorGenerico:PC|DOUT[3]                                         ;
;                                                ; due to stuck port clock_enable ;                                                                                ;
; CPU:CPU|registradorGenerico:EndRetorno|DOUT[4] ; Stuck at GND                   ; CPU:CPU|registradorGenerico:PC|DOUT[4]                                         ;
;                                                ; due to stuck port clock_enable ;                                                                                ;
; CPU:CPU|registradorGenerico:EndRetorno|DOUT[5] ; Stuck at GND                   ; CPU:CPU|registradorGenerico:PC|DOUT[5]                                         ;
;                                                ; due to stuck port clock_enable ;                                                                                ;
; CPU:CPU|registradorGenerico:EndRetorno|DOUT[6] ; Stuck at GND                   ; CPU:CPU|registradorGenerico:PC|DOUT[6]                                         ;
;                                                ; due to stuck port clock_enable ;                                                                                ;
; CPU:CPU|registradorGenerico:EndRetorno|DOUT[7] ; Stuck at GND                   ; CPU:CPU|registradorGenerico:PC|DOUT[7]                                         ;
;                                                ; due to stuck port clock_enable ;                                                                                ;
; CPU:CPU|registradorGenerico:EndRetorno|DOUT[8] ; Stuck at GND                   ; CPU:CPU|registradorGenerico:PC|DOUT[8]                                         ;
;                                                ; due to stuck port clock_enable ;                                                                                ;
+------------------------------------------------+--------------------------------+--------------------------------------------------------------------------------+


+------------------------------------------------------+
; General Register Statistics                          ;
+----------------------------------------------+-------+
; Statistic                                    ; Value ;
+----------------------------------------------+-------+
; Total registers                              ; 0     ;
; Number of registers using Synchronous Clear  ; 0     ;
; Number of registers using Synchronous Load   ; 0     ;
; Number of registers using Asynchronous Clear ; 0     ;
; Number of registers using Asynchronous Load  ; 0     ;
; Number of registers using Clock Enable       ; 0     ;
; Number of registers using Preset             ; 0     ;
+----------------------------------------------+-------+


+-------------------------------------------------------------------------------------------------------------------------------------------------------+
; Multiplexer Restructuring Statistics (Restructuring Performed)                                                                                        ;
+--------------------+-----------+---------------+----------------------+------------------------+------------+-----------------------------------------+
; Multiplexer Inputs ; Bus Width ; Baseline Area ; Area if Restructured ; Saving if Restructured ; Registered ; Example Multiplexer Output              ;
+--------------------+-----------+---------------+----------------------+------------------------+------------+-----------------------------------------+
; 3:1                ; 2 bits    ; 4 LEs         ; 4 LEs                ; 0 LEs                  ; No         ; |A7|CPU:CPU|decoderInstru:DEC1|saida[3] ;
; 5:1                ; 2 bits    ; 6 LEs         ; 6 LEs                ; 0 LEs                  ; No         ; |A7|CPU:CPU|decoderInstru:DEC1|saida[5] ;
+--------------------+-----------+---------------+----------------------+------------------------+------------+-----------------------------------------+


+--------------------------------------------------------------------+
; Parameter Settings for User Entity Instance: Top-level Entity: |A7 ;
+------------------+-------+-----------------------------------------+
; Parameter Name   ; Value ; Type                                    ;
+------------------+-------+-----------------------------------------+
; larguraDados     ; 8     ; Signed Integer                          ;
; larguraEnderecos ; 9     ; Signed Integer                          ;
; simulacao        ; true  ; Enumerated                              ;
+------------------+-------+-----------------------------------------+
Note: In order to hide this table in the UI and the text report file, please set the "Show Parameter Settings in Synthesis Report" option in "Analysis and Synthesis Settings -> More Settings" to "Off".


+------------------------------------------------------+
; Parameter Settings for User Entity Instance: CPU:CPU ;
+------------------+-------+---------------------------+
; Parameter Name   ; Value ; Type                      ;
+------------------+-------+---------------------------+
; larguradados     ; 8     ; Signed Integer            ;
; larguraenderecos ; 9     ; Signed Integer            ;
; simulacao        ; true  ; Enumerated                ;
+------------------+-------+---------------------------+
Note: In order to hide this table in the UI and the text report file, please set the "Show Parameter Settings in Synthesis Report" option in "Analysis and Synthesis Settings -> More Settings" to "Off".


+-------------------------------------------------------------------------------+
; Parameter Settings for User Entity Instance: CPU:CPU|muxGenerico2x1:MUX_B_ULA ;
+----------------+-------+------------------------------------------------------+
; Parameter Name ; Value ; Type                                                 ;
+----------------+-------+------------------------------------------------------+
; larguradados   ; 8     ; Signed Integer                                       ;
+----------------+-------+------------------------------------------------------+
Note: In order to hide this table in the UI and the text report file, please set the "Show Parameter Settings in Synthesis Report" option in "Analysis and Synthesis Settings -> More Settings" to "Off".


+-------------------------------------------------------------------------------+
; Parameter Settings for User Entity Instance: CPU:CPU|registradorGenerico:REGA ;
+----------------+-------+------------------------------------------------------+
; Parameter Name ; Value ; Type                                                 ;
+----------------+-------+------------------------------------------------------+
; larguradados   ; 8     ; Signed Integer                                       ;
+----------------+-------+------------------------------------------------------+
Note: In order to hide this table in the UI and the text report file, please set the "Show Parameter Settings in Synthesis Report" option in "Analysis and Synthesis Settings -> More Settings" to "Off".


+-----------------------------------------------------------------------------+
; Parameter Settings for User Entity Instance: CPU:CPU|registradorGenerico:PC ;
+----------------+-------+----------------------------------------------------+
; Parameter Name ; Value ; Type                                               ;
+----------------+-------+----------------------------------------------------+
; larguradados   ; 9     ; Signed Integer                                     ;
+----------------+-------+----------------------------------------------------+
Note: In order to hide this table in the UI and the text report file, please set the "Show Parameter Settings in Synthesis Report" option in "Analysis and Synthesis Settings -> More Settings" to "Off".


+---------------------------------------------------------------------------------+
; Parameter Settings for User Entity Instance: CPU:CPU|somaConstante:incrementaPC ;
+----------------+-------+--------------------------------------------------------+
; Parameter Name ; Value ; Type                                                   ;
+----------------+-------+--------------------------------------------------------+
; larguradados   ; 9     ; Signed Integer                                         ;
; constante      ; 1     ; Signed Integer                                         ;
+----------------+-------+--------------------------------------------------------+
Note: In order to hide this table in the UI and the text report file, please set the "Show Parameter Settings in Synthesis Report" option in "Analysis and Synthesis Settings -> More Settings" to "Off".


+----------------------------------------------------------------------------+
; Parameter Settings for User Entity Instance: CPU:CPU|muxGenerico4x1:MUX_PC ;
+----------------+-------+---------------------------------------------------+
; Parameter Name ; Value ; Type                                              ;
+----------------+-------+---------------------------------------------------+
; larguradados   ; 9     ; Signed Integer                                    ;
+----------------+-------+---------------------------------------------------+
Note: In order to hide this table in the UI and the text report file, please set the "Show Parameter Settings in Synthesis Report" option in "Analysis and Synthesis Settings -> More Settings" to "Off".


+-------------------------------------------------------------------------------------+
; Parameter Settings for User Entity Instance: CPU:CPU|registradorGenerico:EndRetorno ;
+----------------+-------+------------------------------------------------------------+
; Parameter Name ; Value ; Type                                                       ;
+----------------+-------+------------------------------------------------------------+
; larguradados   ; 9     ; Signed Integer                                             ;
+----------------+-------+------------------------------------------------------------+
Note: In order to hide this table in the UI and the text report file, please set the "Show Parameter Settings in Synthesis Report" option in "Analysis and Synthesis Settings -> More Settings" to "Off".


+----------------------------------------------------------------------+
; Parameter Settings for User Entity Instance: CPU:CPU|ULASomaSub:ULA1 ;
+----------------+-------+---------------------------------------------+
; Parameter Name ; Value ; Type                                        ;
+----------------+-------+---------------------------------------------+
; larguradados   ; 8     ; Signed Integer                              ;
+----------------+-------+---------------------------------------------+
Note: In order to hide this table in the UI and the text report file, please set the "Show Parameter Settings in Synthesis Report" option in "Analysis and Synthesis Settings -> More Settings" to "Off".


+-------------------------------------------------------------------------+
; Parameter Settings for User Entity Instance: CPU:CPU|flipflop:FlagIgual ;
+----------------+-------+------------------------------------------------+
; Parameter Name ; Value ; Type                                           ;
+----------------+-------+------------------------------------------------+
; larguradados   ; 1     ; Signed Integer                                 ;
+----------------+-------+------------------------------------------------+
Note: In order to hide this table in the UI and the text report file, please set the "Show Parameter Settings in Synthesis Report" option in "Analysis and Synthesis Settings -> More Settings" to "Off".


+-------------------------------------------------------------+
; Parameter Settings for User Entity Instance: memoriaROM:ROM ;
+----------------+-------+------------------------------------+
; Parameter Name ; Value ; Type                               ;
+----------------+-------+------------------------------------+
; datawidth      ; 13    ; Signed Integer                     ;
; addrwidth      ; 9     ; Signed Integer                     ;
+----------------+-------+------------------------------------+
Note: In order to hide this table in the UI and the text report file, please set the "Show Parameter Settings in Synthesis Report" option in "Analysis and Synthesis Settings -> More Settings" to "Off".


+-------------------------------------------------------------+
; Parameter Settings for User Entity Instance: memoriaRAM:RAM ;
+----------------+-------+------------------------------------+
; Parameter Name ; Value ; Type                               ;
+----------------+-------+------------------------------------+
; datawidth      ; 8     ; Signed Integer                     ;
; addrwidth      ; 6     ; Signed Integer                     ;
+----------------+-------+------------------------------------+
Note: In order to hide this table in the UI and the text report file, please set the "Show Parameter Settings in Synthesis Report" option in "Analysis and Synthesis Settings -> More Settings" to "Off".


+--------------------------------------------------------------------------+
; Parameter Settings for User Entity Instance: registradorGenerico:RegLed0 ;
+----------------+-------+-------------------------------------------------+
; Parameter Name ; Value ; Type                                            ;
+----------------+-------+-------------------------------------------------+
; larguradados   ; 8     ; Signed Integer                                  ;
+----------------+-------+-------------------------------------------------+
Note: In order to hide this table in the UI and the text report file, please set the "Show Parameter Settings in Synthesis Report" option in "Analysis and Synthesis Settings -> More Settings" to "Off".


+--------------------------------------------------------------------+
; Parameter Settings for User Entity Instance: flipflop:FlipFlopLed1 ;
+----------------+-------+-------------------------------------------+
; Parameter Name ; Value ; Type                                      ;
+----------------+-------+-------------------------------------------+
; larguradados   ; 1     ; Signed Integer                            ;
+----------------+-------+-------------------------------------------+
Note: In order to hide this table in the UI and the text report file, please set the "Show Parameter Settings in Synthesis Report" option in "Analysis and Synthesis Settings -> More Settings" to "Off".


+--------------------------------------------------------------------+
; Parameter Settings for User Entity Instance: flipflop:FlipFlopLed2 ;
+----------------+-------+-------------------------------------------+
; Parameter Name ; Value ; Type                                      ;
+----------------+-------+-------------------------------------------+
; larguradados   ; 1     ; Signed Integer                            ;
+----------------+-------+-------------------------------------------+
Note: In order to hide this table in the UI and the text report file, please set the "Show Parameter Settings in Synthesis Report" option in "Analysis and Synthesis Settings -> More Settings" to "Off".


+---------------------------------------------------+
; Port Connectivity Checks: "flipflop:FlipFlopLed2" ;
+------+-------+----------+-------------------------+
; Port ; Type  ; Severity ; Details                 ;
+------+-------+----------+-------------------------+
; rst  ; Input ; Info     ; Stuck at GND            ;
+------+-------+----------+-------------------------+


+---------------------------------------------------+
; Port Connectivity Checks: "flipflop:FlipFlopLed1" ;
+------+-------+----------+-------------------------+
; Port ; Type  ; Severity ; Details                 ;
+------+-------+----------+-------------------------+
; rst  ; Input ; Info     ; Stuck at GND            ;
+------+-------+----------+-------------------------+


+---------------------------------------------------------+
; Port Connectivity Checks: "registradorGenerico:RegLed0" ;
+------+-------+----------+-------------------------------+
; Port ; Type  ; Severity ; Details                       ;
+------+-------+----------+-------------------------------+
; rst  ; Input ; Info     ; Stuck at GND                  ;
+------+-------+----------+-------------------------------+


+-----------------------------------------------------------------------------------------------------------------------+
; Port Connectivity Checks: "decoder3x8:Dec2"                                                                           ;
+-------------+--------+----------+-------------------------------------------------------------------------------------+
; Port        ; Type   ; Severity ; Details                                                                             ;
+-------------+--------+----------+-------------------------------------------------------------------------------------+
; saida[7..3] ; Output ; Info     ; Connected to dangling logic. Logic that only feeds a dangling port will be removed. ;
+-------------+--------+----------+-------------------------------------------------------------------------------------+


+-----------------------------------------------------------------------------------------------------------------------+
; Port Connectivity Checks: "decoder3x8:Dec1"                                                                           ;
+-------------+--------+----------+-------------------------------------------------------------------------------------+
; Port        ; Type   ; Severity ; Details                                                                             ;
+-------------+--------+----------+-------------------------------------------------------------------------------------+
; saida[7..5] ; Output ; Info     ; Connected to dangling logic. Logic that only feeds a dangling port will be removed. ;
; saida[3..1] ; Output ; Info     ; Connected to dangling logic. Logic that only feeds a dangling port will be removed. ;
+-------------+--------+----------+-------------------------------------------------------------------------------------+


+--------------------------------------------------------+
; Port Connectivity Checks: "CPU:CPU|flipflop:FlagIgual" ;
+------+-------+----------+------------------------------+
; Port ; Type  ; Severity ; Details                      ;
+------+-------+----------+------------------------------+
; rst  ; Input ; Info     ; Stuck at GND                 ;
+------+-------+----------+------------------------------+


+--------------------------------------------------------------------+
; Port Connectivity Checks: "CPU:CPU|registradorGenerico:EndRetorno" ;
+------+-------+----------+------------------------------------------+
; Port ; Type  ; Severity ; Details                                  ;
+------+-------+----------+------------------------------------------+
; rst  ; Input ; Info     ; Stuck at GND                             ;
+------+-------+----------+------------------------------------------+


+------------------------------------------------------------+
; Port Connectivity Checks: "CPU:CPU|registradorGenerico:PC" ;
+--------+-------+----------+--------------------------------+
; Port   ; Type  ; Severity ; Details                        ;
+--------+-------+----------+--------------------------------+
; enable ; Input ; Info     ; Stuck at VCC                   ;
+--------+-------+----------+--------------------------------+


+--------------------------------------------------------------+
; Port Connectivity Checks: "CPU:CPU|registradorGenerico:REGA" ;
+------+-------+----------+------------------------------------+
; Port ; Type  ; Severity ; Details                            ;
+------+-------+----------+------------------------------------+
; rst  ; Input ; Info     ; Stuck at GND                       ;
+------+-------+----------+------------------------------------+


+-----------------------------------------+
; Port Connectivity Checks: "CPU:CPU"     ;
+-------+-------+----------+--------------+
; Port  ; Type  ; Severity ; Details      ;
+-------+-------+----------+--------------+
; reset ; Input ; Info     ; Stuck at GND ;
+-------+-------+----------+--------------+


+-----------------------------------------------------+
; Post-Synthesis Netlist Statistics for Top Partition ;
+-----------------------+-----------------------------+
; Type                  ; Count                       ;
+-----------------------+-----------------------------+
; arriav_lcell_comb     ; 1                           ;
;     normal            ; 1                           ;
;         0 data inputs ; 1                           ;
; boundary_port         ; 15                          ;
;                       ;                             ;
; Max LUT depth         ; 0.00                        ;
; Average LUT depth     ; 0.00                        ;
+-----------------------+-----------------------------+


+-------------------------------+
; Elapsed Time Per Partition    ;
+----------------+--------------+
; Partition Name ; Elapsed Time ;
+----------------+--------------+
; Top            ; 00:00:00     ;
+----------------+--------------+


+-------------------------------+
; Analysis & Synthesis Messages ;
+-------------------------------+
Info: *******************************************************************
Info: Running Quartus Prime Analysis & Synthesis
    Info: Version 23.1std.1 Build 993 05/14/2024 SC Lite Edition
    Info: Processing started: Thu Sep 18 13:54:52 2025
Info: Command: quartus_map --read_settings_files=on --write_settings_files=off A7 -c A7
Warning (18236): Number of processors has not been specified which may cause overloading on shared machines.  Set the global assignment NUM_PARALLEL_PROCESSORS in your QSF to an appropriate value for best performance.
Info (20030): Parallel compilation is enabled and will use 2 of the 2 processors detected
Info (12021): Found 2 design units, including 1 entities, in source file decoder3x8.vhd
    Info (12022): Found design unit 1: decoder3x8-comportamento File: /home/mahoraga/Descomp/A7/decoder3x8.vhd Line: 10
    Info (12023): Found entity 1: decoder3x8 File: /home/mahoraga/Descomp/A7/decoder3x8.vhd Line: 4
Info (12021): Found 2 design units, including 1 entities, in source file CPU.vhd
    Info (12022): Found design unit 1: CPU-arquitetura File: /home/mahoraga/Descomp/A7/CPU.vhd Line: 23
    Info (12023): Found entity 1: CPU File: /home/mahoraga/Descomp/A7/CPU.vhd Line: 4
Info (12021): Found 2 design units, including 1 entities, in source file A7.vhd
    Info (12022): Found design unit 1: A7-arquitetura File: /home/mahoraga/Descomp/A7/A7.vhd Line: 20
    Info (12023): Found entity 1: A7 File: /home/mahoraga/Descomp/A7/A7.vhd Line: 4
Info (12021): Found 2 design units, including 1 entities, in source file ULASomaSub.vhd
    Info (12022): Found design unit 1: ULASomaSub-comportamento File: /home/mahoraga/Descomp/A7/ULASomaSub.vhd Line: 15
    Info (12023): Found entity 1: ULASomaSub File: /home/mahoraga/Descomp/A7/ULASomaSub.vhd Line: 5
Info (12021): Found 2 design units, including 1 entities, in source file logicaDesvio.vhd
    Info (12022): Found design unit 1: logicaDesvio-comportamento File: /home/mahoraga/Descomp/A7/logicaDesvio.vhd Line: 15
    Info (12023): Found entity 1: logicaDesvio File: /home/mahoraga/Descomp/A7/logicaDesvio.vhd Line: 4
Info (12021): Found 2 design units, including 1 entities, in source file flipflop.vhd
    Info (12022): Found design unit 1: flipflop-comportamento File: /home/mahoraga/Descomp/A7/flipflop.vhd Line: 16
    Info (12023): Found entity 1: flipflop File: /home/mahoraga/Descomp/A7/flipflop.vhd Line: 4
Info (12021): Found 3 design units, including 1 entities, in source file edgeDetector.vhd
    Info (12022): Found design unit 1: edgeDetector-bordaSubida File: /home/mahoraga/Descomp/A7/edgeDetector.vhd Line: 10
    Info (12022): Found design unit 2: edgeDetector-bordaDescida File: /home/mahoraga/Descomp/A7/edgeDetector.vhd Line: 23
    Info (12023): Found entity 1: edgeDetector File: /home/mahoraga/Descomp/A7/edgeDetector.vhd Line: 4
Info (12021): Found 2 design units, including 1 entities, in source file muxGenerico4x1.vhd
    Info (12022): Found design unit 1: muxGenerico4x1-comportamento File: /home/mahoraga/Descomp/A7/muxGenerico4x1.vhd Line: 15
    Info (12023): Found entity 1: muxGenerico4x1 File: /home/mahoraga/Descomp/A7/muxGenerico4x1.vhd Line: 4
Info (12021): Found 2 design units, including 1 entities, in source file memoriaRAM.vhd
    Info (12022): Found design unit 1: memoriaRAM-rtl File: /home/mahoraga/Descomp/A7/memoriaRAM.vhd Line: 21
    Info (12023): Found entity 1: memoriaRAM File: /home/mahoraga/Descomp/A7/memoriaRAM.vhd Line: 5
Info (12021): Found 2 design units, including 1 entities, in source file memoriaROM.vhd
    Info (12022): Found design unit 1: memoriaROM-assincrona File: /home/mahoraga/Descomp/A7/memoriaROM.vhd Line: 16
    Info (12023): Found entity 1: memoriaROM File: /home/mahoraga/Descomp/A7/memoriaROM.vhd Line: 5
Info (12021): Found 2 design units, including 1 entities, in source file somadorGenerico.vhd
    Info (12022): Found design unit 1: somadorGenerico-comportamento File: /home/mahoraga/Descomp/A7/somadorGenerico.vhd Line: 18
    Info (12023): Found entity 1: somadorGenerico File: /home/mahoraga/Descomp/A7/somadorGenerico.vhd Line: 6
Info (12021): Found 2 design units, including 1 entities, in source file muxGenerico2x1.vhd
    Info (12022): Found design unit 1: muxGenerico2x1-comportamento File: /home/mahoraga/Descomp/A7/muxGenerico2x1.vhd Line: 15
    Info (12023): Found entity 1: muxGenerico2x1 File: /home/mahoraga/Descomp/A7/muxGenerico2x1.vhd Line: 5
Info (12021): Found 2 design units, including 1 entities, in source file somaConstante.vhd
    Info (12022): Found design unit 1: somaConstante-comportamento File: /home/mahoraga/Descomp/A7/somaConstante.vhd Line: 19
    Info (12023): Found entity 1: somaConstante File: /home/mahoraga/Descomp/A7/somaConstante.vhd Line: 6
Info (12021): Found 2 design units, including 1 entities, in source file decoderInstru.vhd
    Info (12022): Found design unit 1: decoderInstru-comportamento File: /home/mahoraga/Descomp/A7/decoderInstru.vhd Line: 11
    Info (12023): Found entity 1: decoderInstru File: /home/mahoraga/Descomp/A7/decoderInstru.vhd Line: 4
Info (12021): Found 2 design units, including 1 entities, in source file registradorGenerico.vhd
    Info (12022): Found design unit 1: registradorGenerico-comportamento File: /home/mahoraga/Descomp/A7/registradorGenerico.vhd Line: 15
    Info (12023): Found entity 1: registradorGenerico File: /home/mahoraga/Descomp/A7/registradorGenerico.vhd Line: 4
Info (12127): Elaborating entity "A7" for the top level hierarchy
Info (12128): Elaborating entity "CPU" for hierarchy "CPU:CPU" File: /home/mahoraga/Descomp/A7/A7.vhd Line: 60
Warning (10541): VHDL Signal Declaration warning at CPU.vhd(28): used implicit default value for signal "Saida_RAM" because signal was never assigned a value or an explicit default value. Use of implicit default value may introduce unintended design optimizations. File: /home/mahoraga/Descomp/A7/CPU.vhd Line: 28
Warning (10541): VHDL Signal Declaration warning at CPU.vhd(56): used implicit default value for signal "CLK" because signal was never assigned a value or an explicit default value. Use of implicit default value may introduce unintended design optimizations. File: /home/mahoraga/Descomp/A7/CPU.vhd Line: 56
Info (12128): Elaborating entity "muxGenerico2x1" for hierarchy "CPU:CPU|muxGenerico2x1:MUX_B_ULA" File: /home/mahoraga/Descomp/A7/CPU.vhd Line: 74
Info (12128): Elaborating entity "registradorGenerico" for hierarchy "CPU:CPU|registradorGenerico:REGA" File: /home/mahoraga/Descomp/A7/CPU.vhd Line: 84
Info (12128): Elaborating entity "registradorGenerico" for hierarchy "CPU:CPU|registradorGenerico:PC" File: /home/mahoraga/Descomp/A7/CPU.vhd Line: 95
Info (12128): Elaborating entity "somaConstante" for hierarchy "CPU:CPU|somaConstante:incrementaPC" File: /home/mahoraga/Descomp/A7/CPU.vhd Line: 105
Info (12128): Elaborating entity "muxGenerico4x1" for hierarchy "CPU:CPU|muxGenerico4x1:MUX_PC" File: /home/mahoraga/Descomp/A7/CPU.vhd Line: 110
Info (12128): Elaborating entity "ULASomaSub" for hierarchy "CPU:CPU|ULASomaSub:ULA1" File: /home/mahoraga/Descomp/A7/CPU.vhd Line: 133
Info (12128): Elaborating entity "decoderInstru" for hierarchy "CPU:CPU|decoderInstru:DEC1" File: /home/mahoraga/Descomp/A7/CPU.vhd Line: 144
Info (12128): Elaborating entity "flipflop" for hierarchy "CPU:CPU|flipflop:FlagIgual" File: /home/mahoraga/Descomp/A7/CPU.vhd Line: 149
Info (12128): Elaborating entity "logicaDesvio" for hierarchy "CPU:CPU|logicaDesvio:LogicaDesvio" File: /home/mahoraga/Descomp/A7/CPU.vhd Line: 159
Info (12128): Elaborating entity "memoriaROM" for hierarchy "memoriaROM:ROM" File: /home/mahoraga/Descomp/A7/A7.vhd Line: 76
Info (12128): Elaborating entity "memoriaRAM" for hierarchy "memoriaRAM:RAM" File: /home/mahoraga/Descomp/A7/A7.vhd Line: 84
Info (12128): Elaborating entity "decoder3x8" for hierarchy "decoder3x8:Dec1" File: /home/mahoraga/Descomp/A7/A7.vhd Line: 101
Info (276014): Found 1 instances of uninferred RAM logic
    Info (276007): RAM logic "memoriaROM:ROM|memROM" is uninferred due to asynchronous read logic File: /home/mahoraga/Descomp/A7/memoriaROM.vhd Line: 55
Warning (13024): Output pins are stuck at VCC or GND
    Warning (13410): Pin "LEDR[0]" is stuck at GND File: /home/mahoraga/Descomp/A7/A7.vhd Line: 13
    Warning (13410): Pin "LEDR[1]" is stuck at GND File: /home/mahoraga/Descomp/A7/A7.vhd Line: 13
    Warning (13410): Pin "LEDR[2]" is stuck at GND File: /home/mahoraga/Descomp/A7/A7.vhd Line: 13
    Warning (13410): Pin "LEDR[3]" is stuck at GND File: /home/mahoraga/Descomp/A7/A7.vhd Line: 13
    Warning (13410): Pin "LEDR[4]" is stuck at GND File: /home/mahoraga/Descomp/A7/A7.vhd Line: 13
    Warning (13410): Pin "LEDR[5]" is stuck at GND File: /home/mahoraga/Descomp/A7/A7.vhd Line: 13
    Warning (13410): Pin "LEDR[6]" is stuck at GND File: /home/mahoraga/Descomp/A7/A7.vhd Line: 13
    Warning (13410): Pin "LEDR[7]" is stuck at GND File: /home/mahoraga/Descomp/A7/A7.vhd Line: 13
    Warning (13410): Pin "LEDR[8]" is stuck at GND File: /home/mahoraga/Descomp/A7/A7.vhd Line: 13
    Warning (13410): Pin "LEDR[9]" is stuck at GND File: /home/mahoraga/Descomp/A7/A7.vhd Line: 13
Info (17049): 1 registers lost all their fanouts during netlist optimizations.
Info (16010): Generating hard_block partition "hard_block:auto_generated_inst"
    Info (16011): Adding 0 node(s), including 0 DDIO, 0 PLL, 0 transceiver and 0 LCELL
Warning (21074): Design contains 5 input pin(s) that do not drive logic
    Warning (15610): No output dependent on input pin "CLOCK_50" File: /home/mahoraga/Descomp/A7/A7.vhd Line: 11
    Warning (15610): No output dependent on input pin "KEY[1]" File: /home/mahoraga/Descomp/A7/A7.vhd Line: 12
    Warning (15610): No output dependent on input pin "KEY[2]" File: /home/mahoraga/Descomp/A7/A7.vhd Line: 12
    Warning (15610): No output dependent on input pin "KEY[3]" File: /home/mahoraga/Descomp/A7/A7.vhd Line: 12
    Warning (15610): No output dependent on input pin "KEY[0]" File: /home/mahoraga/Descomp/A7/A7.vhd Line: 12
Info (21057): Implemented 15 device resources after synthesis - the final resource count might be different
    Info (21058): Implemented 5 input pins
    Info (21059): Implemented 10 output pins
Info: Quartus Prime Analysis & Synthesis was successful. 0 errors, 20 warnings
    Info: Peak virtual memory: 478 megabytes
    Info: Processing ended: Thu Sep 18 13:55:03 2025
    Info: Elapsed time: 00:00:11
    Info: Total CPU time (on all processors): 00:00:26


